# JRE version: Java(TM) SE Runtime Environment (21.0.2+13) (build 21.0.2+13-LTS-58)
# Java VM: Java HotSpot(TM) 64-Bit Server VM (21.0.2+13-LTS-58, mixed mode, emulated-client, sharing, tiered, compressed oops, compressed class ptrs, g1 gc, bsd-aarch64)
GC Precious Log:
 CardTable entry size: 512
 Card Set container configuration: InlinePtr #cards 5 size 8 Array Of Cards #cards 12 size 40 Howl #buckets 4 coarsen threshold 1843 Howl Bitmap #cards 512 size 80 coarsen threshold 460 Card regions per heap region 1 cards per card region 2048
 CPUs: 8 total, 8 available
 Memory: 8192M
 Large Page Support: Disabled
 NUMA Support: Disabled
 Compressed Oops: Enabled (Zero based)
 Heap Region Size: 1M
 Heap Min Capacity: 8M
 Heap Initial Capacity: 128M
 Heap Max Capacity: 2G
 Pre-touch: Disabled
 Parallel Workers: 8
 Concurrent Workers: 2
 Concurrent Refinement Workers: 8
 Periodic GC: Disabled
Heap:
 garbage-first heap   total 98304K, used 75430K [0x0000000780000000, 0x0000000800000000)
  region size 1024K, 55 young (56320K), 4 survivors (4096K)
 Metaspace       used 50188K, committed 50880K, reserved 1114112K
  class space    used 6875K, committed 7168K, reserved 1048576K
GC Heap History (20 events):
Event: 0.421 GC heap before
{Heap before GC invocations=1 (full 0):
 garbage-first heap   total 133120K, used 41102K [0x0000000780000000, 0x0000000800000000)
  region size 1024K, 35 young (35840K), 3 survivors (3072K)
 Metaspace       used 10427K, committed 10688K, reserved 1114112K
  class space    used 1242K, committed 1344K, reserved 1048576K
}
Event: 0.422 GC heap after
{Heap after GC invocations=2 (full 0):
 garbage-first heap   total 133120K, used 9581K [0x0000000780000000, 0x0000000800000000)
  region size 1024K, 2 young (2048K), 2 survivors (2048K)
 Metaspace       used 10427K, committed 10688K, reserved 1114112K
  class space    used 1242K, committed 1344K, reserved 1048576K
}
Event: 0.574 GC heap before
{Heap before GC invocations=2 (full 0):
 garbage-first heap   total 133120K, used 84333K [0x0000000780000000, 0x0000000800000000)
  region size 1024K, 76 young (77824K), 2 survivors (2048K)
 Metaspace       used 17611K, committed 17984K, reserved 1114112K
  class space    used 2389K, committed 2560K, reserved 1048576K
}
Event: 0.576 GC heap after
{Heap after GC invocations=3 (full 0):
 garbage-first heap   total 133120K, used 12299K [0x0000000780000000, 0x0000000800000000)
  region size 1024K, 4 young (4096K), 4 survivors (4096K)
 Metaspace       used 17611K, committed 17984K, reserved 1114112K
  class space    used 2389K, committed 2560K, reserved 1048576K
}
Event: 0.634 GC heap before
{Heap before GC invocations=3 (full 0):
 garbage-first heap   total 133120K, used 50187K [0x0000000780000000, 0x0000000800000000)
  region size 1024K, 43 young (44032K), 4 survivors (4096K)
 Metaspace       used 21137K, committed 21504K, reserved 1114112K
  class space    used 2761K, committed 2944K, reserved 1048576K
}
Event: 0.636 GC heap after
{Heap after GC invocations=4 (full 0):
 garbage-first heap   total 133120K, used 13758K [0x0000000780000000, 0x0000000800000000)
  region size 1024K, 6 young (6144K), 6 survivors (6144K)
 Metaspace       used 21137K, committed 21504K, reserved 1114112K
  class space    used 2761K, committed 2944K, reserved 1048576K
}
Event: 0.692 GC heap before
{Heap before GC invocations=5 (full 0):
 garbage-first heap   total 65536K, used 47550K [0x0000000780000000, 0x0000000800000000)
  region size 1024K, 40 young (40960K), 6 survivors (6144K)
 Metaspace       used 23569K, committed 23936K, reserved 1114112K
  class space    used 3082K, committed 3264K, reserved 1048576K
}
Event: 0.694 GC heap after
{Heap after GC invocations=6 (full 0):
 garbage-first heap   total 65536K, used 14621K [0x0000000780000000, 0x0000000800000000)
  region size 1024K, 3 young (3072K), 3 survivors (3072K)
 Metaspace       used 23569K, committed 23936K, reserved 1114112K
  class space    used 3082K, committed 3264K, reserved 1048576K
}
Event: 0.785 GC heap before
{Heap before GC invocations=6 (full 0):
 garbage-first heap   total 65536K, used 50461K [0x0000000780000000, 0x0000000800000000)
  region size 1024K, 38 young (38912K), 3 survivors (3072K)
 Metaspace       used 25673K, committed 26048K, reserved 1114112K
  class space    used 3399K, committed 3584K, reserved 1048576K
}
Event: 0.786 GC heap after
{Heap after GC invocations=7 (full 0):
 garbage-first heap   total 81920K, used 16117K [0x0000000780000000, 0x0000000800000000)
  region size 1024K, 5 young (5120K), 5 survivors (5120K)
 Metaspace       used 25673K, committed 26048K, reserved 1114112K
  class space    used 3399K, committed 3584K, reserved 1048576K
}
Event: 0.926 GC heap before
{Heap before GC invocations=7 (full 0):
 garbage-first heap   total 81920K, used 59125K [0x0000000780000000, 0x0000000800000000)
  region size 1024K, 48 young (49152K), 5 survivors (5120K)
 Metaspace       used 28606K, committed 29056K, reserved 1114112K
  class space    used 3831K, committed 4032K, reserved 1048576K
}
Event: 0.928 GC heap after
{Heap after GC invocations=8 (full 0):
 garbage-first heap   total 81920K, used 17572K [0x0000000780000000, 0x0000000800000000)
  region size 1024K, 5 young (5120K), 5 survivors (5120K)
 Metaspace       used 28606K, committed 29056K, reserved 1114112K
  class space    used 3831K, committed 4032K, reserved 1048576K
}
Event: 1.090 GC heap before
{Heap before GC invocations=8 (full 0):
 garbage-first heap   total 81920K, used 61604K [0x0000000780000000, 0x0000000800000000)
  region size 1024K, 48 young (49152K), 5 survivors (5120K)
 Metaspace       used 32673K, committed 33152K, reserved 1114112K
  class space    used 4413K, committed 4608K, reserved 1048576K
}
Event: 1.092 GC heap after
{Heap after GC invocations=9 (full 0):
 garbage-first heap   total 81920K, used 19928K [0x0000000780000000, 0x0000000800000000)
  region size 1024K, 4 young (4096K), 4 survivors (4096K)
 Metaspace       used 32673K, committed 33152K, reserved 1114112K
  class space    used 4413K, committed 4608K, reserved 1048576K
}
Event: 1.223 GC heap before
{Heap before GC invocations=9 (full 0):
 garbage-first heap   total 81920K, used 56792K [0x0000000780000000, 0x0000000800000000)
  region size 1024K, 41 young (41984K), 4 survivors (4096K)
 Metaspace       used 35623K, committed 36160K, reserved 1114112K
  class space    used 4809K, committed 5056K, reserved 1048576K
}
Event: 1.225 GC heap after
{Heap after GC invocations=10 (full 0):
 garbage-first heap   total 81920K, used 21440K [0x0000000780000000, 0x0000000800000000)
  region size 1024K, 4 young (4096K), 4 survivors (4096K)
 Metaspace       used 35623K, committed 36160K, reserved 1114112K
  class space    used 4809K, committed 5056K, reserved 1048576K
}
Event: 1.352 GC heap before
{Heap before GC invocations=11 (full 0):
 garbage-first heap   total 81920K, used 66496K [0x0000000780000000, 0x0000000800000000)
  region size 1024K, 48 young (49152K), 4 survivors (4096K)
 Metaspace       used 39863K, committed 40512K, reserved 1114112K
  class space    used 5498K, committed 5760K, reserved 1048576K
}
Event: 1.354 GC heap after
{Heap after GC invocations=12 (full 0):
 garbage-first heap   total 81920K, used 22428K [0x0000000780000000, 0x0000000800000000)
  region size 1024K, 3 young (3072K), 3 survivors (3072K)
 Metaspace       used 39863K, committed 40512K, reserved 1114112K
  class space    used 5498K, committed 5760K, reserved 1048576K
}
Event: 1.500 GC heap before
{Heap before GC invocations=12 (full 0):
 garbage-first heap   total 81920K, used 68508K [0x0000000780000000, 0x0000000800000000)
  region size 1024K, 48 young (49152K), 3 survivors (3072K)
 Metaspace       used 44670K, committed 45248K, reserved 1114112K
  class space    used 6091K, committed 6336K, reserved 1048576K
}
Event: 1.502 GC heap after
{Heap after GC invocations=13 (full 0):
 garbage-first heap   total 98304K, used 24230K [0x0000000780000000, 0x0000000800000000)
  region size 1024K, 4 young (4096K), 4 survivors (4096K)
 Metaspace       used 44670K, committed 45248K, reserved 1114112K
  class space    used 6091K, committed 6336K, reserved 1048576K
}

